<?xml version="1.0" encoding="UTF-8"?>
<!-- Generated by org.testng.reporters.JUnitReportReporter -->
<testsuite skipped="0" hostname="DESKTOP-09AO3Q3" name="raisin.RaisinUIHomePageHeaderlinksTest" tests="1" failures="0" timestamp="16 May 2019 09:13:52 GMT" time="68.888" errors="0">
  <testcase name="VerifyHomePageHeaderlinks" time="68.888" classname="raisin.RaisinUIHomePageHeaderlinksTest"/>
</testsuite> <!-- raisin.RaisinUIHomePageHeaderlinksTest -->
