<?xml version="1.0" encoding="UTF-8"?>
<!-- Generated by org.testng.reporters.JUnitReportReporter -->
<testsuite skipped="0" hostname="DESKTOP-09AO3Q3" name="raisin.StudydriveUITest" tests="1" failures="0" timestamp="28 Jun 2019 18:18:51 GMT" time="85.450" errors="0">
  <testcase name="VerifyFileUpload" time="85.450" classname="raisin.StudydriveUITest"/>
</testsuite> <!-- raisin.StudydriveUITest -->
