<?xml version="1.0" encoding="UTF-8"?>
<!-- Generated by org.testng.reporters.JUnitReportReporter -->
<testsuite skipped="0" hostname="DESKTOP-09AO3Q3" name="studydrive.StudydriveUITest" tests="1" failures="0" timestamp="28 Jun 2019 21:39:24 GMT" time="46.801" errors="0">
  <testcase name="VerifyFileUpload" time="46.801" classname="studydrive.StudydriveUITest"/>
</testsuite> <!-- studydrive.StudydriveUITest -->
